PCAD Importer Log
Project : SRR1260-101M.LibPkg

Section : C:\Users\eriic\OneDrive\Documentos\Erick\Batalha_git\BattleBot-HardwareBoards\Carrier_Board\Cb_2019(ATUAL)\Componentes\SRR1260-101M.lia
    Section : PCB Library - SRR1260-101M.PcbLib
        Section : Load Messages
            Warning - 1 : Skipping Token SRR1260-101M On Line 112
            Warning - 1 : Skipping Token attachedSymbol On Line 165
        EndSection

        Section : Import Messages
        EndSection
    EndSection

    Section : SCH Library - SRR1260-101M.SchLib
        Section : Parsing Messages
            Warning - 1 : Skipping Token padStyleDef On Line 9
            Warning - 1 : Skipping Token multiLayer On Line 84
            Warning - 1 : Skipping Token layerContents On Line 88
            Warning - 1 : Skipping Token layerContents On Line 94
            Warning - 1 : Skipping Token layerContents On Line 98
            Warning - 1 : Skipping Token layerContents On Line 102
        EndSection

        Section : Generating SCH Library - SRR1260-101M.SchLib
        EndSection
    EndSection
EndSection
