Removed Pin From Net: NetName=0 Pin=P1-1
Removed Pin From Net: NetName=VBAT Pin=P1-2
Added Component: Designator=P1(SHDR2W320P716_1X2_1574X813X1588P)
Add component. Clean all parameters for all variants
Add component (AddParameter): Name = "Datasheet Link"; Value = "http://cdn.sparkfun.com/datasheets/Prototyping/xt60.pdf"; VariantName = "[No Variations]"
Add component (AddParameter): Name = "Height"; Value = "15.875mm"; VariantName = "[No Variations]"
Add component (AddParameter): Name = "Manufacturer_Name"; Value = "SparkFun"; VariantName = "[No Variations]"
Add component (AddParameter): Name = "Manufacturer_Part_Number"; Value = "PRT-10474"; VariantName = "[No Variations]"
Add component (AddParameter): Name = "Mouser Part Number"; Value = "474-PRT-10474"; VariantName = "[No Variations]"
Add component (AddParameter): Name = "Mouser Price/Stock"; Value = "https://www.mouser.com/Search/Refine.aspx?Keyword=474-PRT-10474"; VariantName = "[No Variations]"
Add component (AddParameter): Name = "RS Part Number"; Value = ""; VariantName = "[No Variations]"
Add component (AddParameter): Name = "RS Price/Stock"; Value = ""; VariantName = "[No Variations]"
Added Pin To Net: NetName=0 Pin=P1-1
Added Pin To Net: NetName=VBAT Pin=P1-2
Change Net Color : Old Net Color=RGB(255, 110, 110) New Net Color=Default
Added Room: Name=CarrierBoard
Added Room: Name=Designator
Added Room: Name=Designator
Added Room: Name=Designator
Added Room: Name=Designator
