Removed Pin From Net: NetName=GND Pin=C10-1
Removed Pin From Net: NetName=+3.3v Pin=C10-2
Removed Pin From Net: NetName=GND Pin=C11-1
Removed Pin From Net: NetName=NetC11_2 Pin=C11-2
Removed Pin From Net: NetName=NetC9_2 Pin=R15-1
Removed Pin From Net: NetName=BAT 5S Pin=R15-2
Removed Pin From Net: NetName=NetC9_1 Pin=R16-1
Removed Pin From Net: NetName=NetQ1_2 Pin=R16-2
Removed Pin From Net: NetName=NetC9_2 Pin=U3-3
Removed Pin From Net: NetName=NetC9_1 Pin=U3-4
Change Component Footprint: Designator=C9 Old Footprint=CAPC0402(1005)60_L New Footprint=SMD-0603C
Change Component Footprint: Designator=C10 Old Footprint=CAPC0402(1005)60_L New Footprint=SMD-0603C
Change Component Footprint: Designator=C11 Old Footprint=CAPC0402(1005)60_L New Footprint=SMD-0603C
Change Component Footprint: Designator=R14 Old Footprint=RES-0402 New Footprint=SMD-0805-RES
Change Component Footprint: Designator=R15 Old Footprint=RES-0402 New Footprint=SMD-0805-RES
Change Component Footprint: Designator=R16 Old Footprint=RES-0402 New Footprint=SMD-0805-RES
Change Component Comment : Designator=C9 Old Comment=CAP 100nF 25V New Comment=0.10µF
Change Component Comment : Designator=C10 Old Comment=CAP 100nF 25V New Comment=0.10µF
Change Component Comment : Designator=C11 Old Comment=CAP 100nF 25V New Comment=0.10µF
Change component parameters: Designator = "C9"; Footprint = "SMD-0603C"; UniqueID = "\SGYUNJWQ"
Change component parameters. Clean all parameters for all variants
Change component parameters (AddParameter): Name = "@ qty"; Value = "0"; VariantName = "[No Variations]"
Change component parameters (AddParameter): Name = "Applications"; Value = "Automotive, Boardflex Sensitive"; VariantName = "[No Variations]"
Change component parameters (AddParameter): Name = "Datasheets"; Value = "http://www.murata.com/~/media/webrenewal/support/library/catalog/products/capacitor/mlcc/c03e.ashx"; VariantName = "[No Variations]"
Change component parameters (AddParameter): Name = "Digi-Key Part Number"; Value = "490-5796-1-ND"; VariantName = "[No Variations]"
Change component parameters (AddParameter): Name = "Factory Stock"; Value = "0"; VariantName = "[No Variations]"
Change component parameters (AddParameter): Name = "Features"; Value = "Soft Termination"; VariantName = "[No Variations]"
Change component parameters (AddParameter): Name = "Height - Seated (Max)"; Value = "-"; VariantName = "[No Variations]"
Change component parameters (AddParameter): Name = "Image"; Value = "//media.digikey.com/Renders/Murata%20Renders/0603%28LQG18%29.jpg"; VariantName = "[No Variations]"
Change component parameters (AddParameter): Name = "Lead Spacing"; Value = "-"; VariantName = "[No Variations]"
Change component parameters (AddParameter): Name = "Lead Style"; Value = "-"; VariantName = "[No Variations]"
Change component parameters (AddParameter): Name = "Manufacturer"; Value = "Murata Electronics North America"; VariantName = "[No Variations]"
Change component parameters (AddParameter): Name = "Minimum Quantity"; Value = "1"; VariantName = "[No Variations]"
Change component parameters (AddParameter): Name = "Mounting Type"; Value = "Surface Mount, MLCC"; VariantName = "[No Variations]"
Change component parameters (AddParameter): Name = "Operating Temperature"; Value = "-55°C ~ 125°C"; VariantName = "[No Variations]"
Change component parameters (AddParameter): Name = "Package / Case"; Value = "0603 (1608 Metric)"; VariantName = "[No Variations]"
Change component parameters (AddParameter): Name = "Packaging"; Value = "Cut Tape (CT)"; VariantName = "[No Variations]"
Change component parameters (AddParameter): Name = "Part Number"; Value = "GCJ188R71C104KA01D"; VariantName = "[No Variations]"
Change component parameters (AddParameter): Name = "Part Status"; Value = "Active"; VariantName = "[No Variations]"
Change component parameters (AddParameter): Name = "Quantity Available"; Value = "22473"; VariantName = "[No Variations]"
Change component parameters (AddParameter): Name = "Ratings"; Value = "AEC-Q200"; VariantName = "[No Variations]"
Change component parameters (AddParameter): Name = "Series"; Value = "GCJ"; VariantName = "[No Variations]"
Change component parameters (AddParameter): Name = "Size / Dimension"; Value = "0.063" L x 0.031" W (1.60mm x 0.80mm)"; VariantName = "[No Variations]"
Change component parameters (AddParameter): Name = "Temperature Coefficient"; Value = "X7R"; VariantName = "[No Variations]"
Change component parameters (AddParameter): Name = "Thickness (Max)"; Value = "0.035" (0.90mm)"; VariantName = "[No Variations]"
Change component parameters (AddParameter): Name = "Tolerance"; Value = "±10%"; VariantName = "[No Variations]"
Change component parameters (AddParameter): Name = "Unit Price (USD)"; Value = "0.21"; VariantName = "[No Variations]"
Change component parameters (AddParameter): Name = "Value"; Value = "0.10µF"; VariantName = "[No Variations]"
Change component parameters (AddParameter): Name = "Voltage"; Value = "16V"; VariantName = "[No Variations]"
Change component parameters: Designator = "C10"; Footprint = "SMD-0603C"; UniqueID = "\DSLKTEPD"
Change component parameters. Clean all parameters for all variants
Change component parameters (AddParameter): Name = "@ qty"; Value = "0"; VariantName = "[No Variations]"
Change component parameters (AddParameter): Name = "Applications"; Value = "Automotive, Boardflex Sensitive"; VariantName = "[No Variations]"
Change component parameters (AddParameter): Name = "Datasheets"; Value = "http://www.murata.com/~/media/webrenewal/support/library/catalog/products/capacitor/mlcc/c03e.ashx"; VariantName = "[No Variations]"
Change component parameters (AddParameter): Name = "Digi-Key Part Number"; Value = "490-5796-1-ND"; VariantName = "[No Variations]"
Change component parameters (AddParameter): Name = "Factory Stock"; Value = "0"; VariantName = "[No Variations]"
Change component parameters (AddParameter): Name = "Features"; Value = "Soft Termination"; VariantName = "[No Variations]"
Change component parameters (AddParameter): Name = "Height - Seated (Max)"; Value = "-"; VariantName = "[No Variations]"
Change component parameters (AddParameter): Name = "Image"; Value = "//media.digikey.com/Renders/Murata%20Renders/0603%28LQG18%29.jpg"; VariantName = "[No Variations]"
Change component parameters (AddParameter): Name = "Lead Spacing"; Value = "-"; VariantName = "[No Variations]"
Change component parameters (AddParameter): Name = "Lead Style"; Value = "-"; VariantName = "[No Variations]"
Change component parameters (AddParameter): Name = "Manufacturer"; Value = "Murata Electronics North America"; VariantName = "[No Variations]"
Change component parameters (AddParameter): Name = "Minimum Quantity"; Value = "1"; VariantName = "[No Variations]"
Change component parameters (AddParameter): Name = "Mounting Type"; Value = "Surface Mount, MLCC"; VariantName = "[No Variations]"
Change component parameters (AddParameter): Name = "Operating Temperature"; Value = "-55°C ~ 125°C"; VariantName = "[No Variations]"
Change component parameters (AddParameter): Name = "Package / Case"; Value = "0603 (1608 Metric)"; VariantName = "[No Variations]"
Change component parameters (AddParameter): Name = "Packaging"; Value = "Cut Tape (CT)"; VariantName = "[No Variations]"
Change component parameters (AddParameter): Name = "Part Number"; Value = "GCJ188R71C104KA01D"; VariantName = "[No Variations]"
Change component parameters (AddParameter): Name = "Part Status"; Value = "Active"; VariantName = "[No Variations]"
Change component parameters (AddParameter): Name = "Quantity Available"; Value = "22473"; VariantName = "[No Variations]"
Change component parameters (AddParameter): Name = "Ratings"; Value = "AEC-Q200"; VariantName = "[No Variations]"
Change component parameters (AddParameter): Name = "Series"; Value = "GCJ"; VariantName = "[No Variations]"
Change component parameters (AddParameter): Name = "Size / Dimension"; Value = "0.063" L x 0.031" W (1.60mm x 0.80mm)"; VariantName = "[No Variations]"
Change component parameters (AddParameter): Name = "Temperature Coefficient"; Value = "X7R"; VariantName = "[No Variations]"
Change component parameters (AddParameter): Name = "Thickness (Max)"; Value = "0.035" (0.90mm)"; VariantName = "[No Variations]"
Change component parameters (AddParameter): Name = "Tolerance"; Value = "±10%"; VariantName = "[No Variations]"
Change component parameters (AddParameter): Name = "Unit Price (USD)"; Value = "0.21"; VariantName = "[No Variations]"
Change component parameters (AddParameter): Name = "Value"; Value = "0.10µF"; VariantName = "[No Variations]"
Change component parameters (AddParameter): Name = "Voltage"; Value = "16V"; VariantName = "[No Variations]"
Change component parameters: Designator = "C11"; Footprint = "SMD-0603C"; UniqueID = "\TEHMURUJ"
Change component parameters. Clean all parameters for all variants
Change component parameters (AddParameter): Name = "@ qty"; Value = "0"; VariantName = "[No Variations]"
Change component parameters (AddParameter): Name = "Applications"; Value = "Automotive, Boardflex Sensitive"; VariantName = "[No Variations]"
Change component parameters (AddParameter): Name = "Datasheets"; Value = "http://www.murata.com/~/media/webrenewal/support/library/catalog/products/capacitor/mlcc/c03e.ashx"; VariantName = "[No Variations]"
Change component parameters (AddParameter): Name = "Digi-Key Part Number"; Value = "490-5796-1-ND"; VariantName = "[No Variations]"
Change component parameters (AddParameter): Name = "Factory Stock"; Value = "0"; VariantName = "[No Variations]"
Change component parameters (AddParameter): Name = "Features"; Value = "Soft Termination"; VariantName = "[No Variations]"
Change component parameters (AddParameter): Name = "Height - Seated (Max)"; Value = "-"; VariantName = "[No Variations]"
Change component parameters (AddParameter): Name = "Image"; Value = "//media.digikey.com/Renders/Murata%20Renders/0603%28LQG18%29.jpg"; VariantName = "[No Variations]"
Change component parameters (AddParameter): Name = "Lead Spacing"; Value = "-"; VariantName = "[No Variations]"
Change component parameters (AddParameter): Name = "Lead Style"; Value = "-"; VariantName = "[No Variations]"
Change component parameters (AddParameter): Name = "Manufacturer"; Value = "Murata Electronics North America"; VariantName = "[No Variations]"
Change component parameters (AddParameter): Name = "Minimum Quantity"; Value = "1"; VariantName = "[No Variations]"
Change component parameters (AddParameter): Name = "Mounting Type"; Value = "Surface Mount, MLCC"; VariantName = "[No Variations]"
Change component parameters (AddParameter): Name = "Operating Temperature"; Value = "-55°C ~ 125°C"; VariantName = "[No Variations]"
Change component parameters (AddParameter): Name = "Package / Case"; Value = "0603 (1608 Metric)"; VariantName = "[No Variations]"
Change component parameters (AddParameter): Name = "Packaging"; Value = "Cut Tape (CT)"; VariantName = "[No Variations]"
Change component parameters (AddParameter): Name = "Part Number"; Value = "GCJ188R71C104KA01D"; VariantName = "[No Variations]"
Change component parameters (AddParameter): Name = "Part Status"; Value = "Active"; VariantName = "[No Variations]"
Change component parameters (AddParameter): Name = "Quantity Available"; Value = "22473"; VariantName = "[No Variations]"
Change component parameters (AddParameter): Name = "Ratings"; Value = "AEC-Q200"; VariantName = "[No Variations]"
Change component parameters (AddParameter): Name = "Series"; Value = "GCJ"; VariantName = "[No Variations]"
Change component parameters (AddParameter): Name = "Size / Dimension"; Value = "0.063" L x 0.031" W (1.60mm x 0.80mm)"; VariantName = "[No Variations]"
Change component parameters (AddParameter): Name = "Temperature Coefficient"; Value = "X7R"; VariantName = "[No Variations]"
Change component parameters (AddParameter): Name = "Thickness (Max)"; Value = "0.035" (0.90mm)"; VariantName = "[No Variations]"
Change component parameters (AddParameter): Name = "Tolerance"; Value = "±10%"; VariantName = "[No Variations]"
Change component parameters (AddParameter): Name = "Unit Price (USD)"; Value = "0.21"; VariantName = "[No Variations]"
Change component parameters (AddParameter): Name = "Value"; Value = "0.10µF"; VariantName = "[No Variations]"
Change component parameters (AddParameter): Name = "Voltage"; Value = "16V"; VariantName = "[No Variations]"
Added Pin To Net: NetName=+3.3v Pin=C10-1
Added Pin To Net: NetName=GND Pin=C10-2
Added Pin To Net: NetName=NetC11_2 Pin=C11-1
Added Pin To Net: NetName=GND Pin=C11-2
Added Pin To Net: NetName=BAT 5S Pin=R15-1
Added Pin To Net: NetName=NetC9_1 Pin=R15-2
Added Pin To Net: NetName=NetQ1_2 Pin=R16-1
Added Pin To Net: NetName=NetC9_2 Pin=R16-2
Added Pin To Net: NetName=NetC9_1 Pin=U3-3
Added Pin To Net: NetName=NetC9_2 Pin=U3-4
Change Net Name : Old Net Name=NetC11_2 New Net Name=NetC11_1
Added Room: Name=INA169
