Removed Pin From Net: NetName=Vcc Pin=J2-1
Removed Pin From Net: NetName=IN_1 Pin=J2-2
Removed Pin From Net: NetName=+3.3v Pin=J2-3
Removed Pin From Net: NetName=NetC11_1 Pin=J2-4
Removed Pin From Net: NetName=GND Pin=J2-5
Removed Member From Class: ClassName=Driver Morpheus V7.0 Member=J2
Added Component: Designator=P?(SMTC-TSW-106-07-S-S_V)
Add component. Clean all parameters for all variants
Add component (AddParameter): Name = "Colour"; Value = "Black"; VariantName = "[No Variations]"
Add component (AddParameter): Name = "Contact Finish"; Value = "Gold"; VariantName = "[No Variations]"
Add component (AddParameter): Name = "Contact Material"; Value = "Bronze"; VariantName = "[No Variations]"
Add component (AddParameter): Name = "Contact Plating"; Value = "Gold"; VariantName = "[No Variations]"
Add component (AddParameter): Name = "DatasheetVersion"; Value = "12/2015"; VariantName = "[No Variations]"
Add component (AddParameter): Name = "Height"; Value = "8.38 mm"; VariantName = "[No Variations]"
Add component (AddParameter): Name = "Lead Pitch"; Value = "0.1 inch"; VariantName = "[No Variations]"
Add component (AddParameter): Name = "Length"; Value = "15.24 mm"; VariantName = "[No Variations]"
Add component (AddParameter): Name = "Max Operating Temperature"; Value = "125 degC"; VariantName = "[No Variations]"
Add component (AddParameter): Name = "Min Operating Temperature"; Value = "-55 degC"; VariantName = "[No Variations]"
Add component (AddParameter): Name = "Mount"; Value = "Through Hole"; VariantName = "[No Variations]"
Add component (AddParameter): Name = "Mounting Technology"; Value = "Through Hole"; VariantName = "[No Variations]"
Add component (AddParameter): Name = "PackageDescription"; Value = "Male Header, Pitch 2.54 mm, 1 x 6 Position, Height 8.38 mm, Tail Length 2.54 mm"; VariantName = "[No Variations]"
Add component (AddParameter): Name = "Package Quantity"; Value = "1"; VariantName = "[No Variations]"
Add component (AddParameter): Name = "PackageReference"; Value = "TSW-102-07-S-S"; VariantName = "[No Variations]"
Add component (AddParameter): Name = "Packaging"; Value = "Bulk"; VariantName = "[No Variations]"
Add component (AddParameter): Name = "Pins"; Value = "6"; VariantName = "[No Variations]"
Add component (AddParameter): Name = "RoHSCompliant"; Value = "true"; VariantName = "[No Variations]"
Add component (AddParameter): Name = "Rows"; Value = "1"; VariantName = "[No Variations]"
Added Pin To Net: NetName=GND Pin=P?-1
Added Pin To Net: NetName=NetC11_1 Pin=P?-2
Added Pin To Net: NetName=+3.3v Pin=P?-3
Added Pin To Net: NetName=IN_1 Pin=P?-4
Added Pin To Net: NetName=Vcc Pin=P?-5
Added Pin To Net: NetName=IN_2 Pin=P?-6
Added Member To Class: ClassName=Driver Morpheus V7.0 Member=Component P? TSW-106-07-S-S
