Added Component: Designator=C10(CAP POL 2917/7343)
Add component. Clean all parameters for all variants
Added Component: Designator=C11(CAP POL 2917/7343)
Add component. Clean all parameters for all variants
Added Component: Designator=C12(CAPC0805(2012)145_M)
Add component. Clean all parameters for all variants
Add component (AddParameter): Name = "Case-EIA"; Value = "0805"; VariantName = "[No Variations]"
Add component (AddParameter): Name = "Case-Metric"; Value = "2012"; VariantName = "[No Variations]"
Add component (AddParameter): Name = "Max Thickness"; Value = "1.45 mm"; VariantName = "[No Variations]"
Add component (AddParameter): Name = "Rated Voltage"; Value = "25 V"; VariantName = "[No Variations]"
Add component (AddParameter): Name = "Technology"; Value = "SMT"; VariantName = "[No Variations]"
Add component (AddParameter): Name = "Tolerance"; Value = "±5%"; VariantName = "[No Variations]"
Add component (AddParameter): Name = "Value"; Value = "100nF"; VariantName = "[No Variations]"
Added Component: Designator=C13(CAPC0805(2012)145_M)
Add component. Clean all parameters for all variants
Add component (AddParameter): Name = "Case-EIA"; Value = "0805"; VariantName = "[No Variations]"
Add component (AddParameter): Name = "Case-Metric"; Value = "2012"; VariantName = "[No Variations]"
Add component (AddParameter): Name = "Max Thickness"; Value = "1.45 mm"; VariantName = "[No Variations]"
Add component (AddParameter): Name = "Rated Voltage"; Value = "25 V"; VariantName = "[No Variations]"
Add component (AddParameter): Name = "Technology"; Value = "SMT"; VariantName = "[No Variations]"
Add component (AddParameter): Name = "Tolerance"; Value = "±5%"; VariantName = "[No Variations]"
Add component (AddParameter): Name = "Value"; Value = "100nF"; VariantName = "[No Variations]"
Added Component: Designator=U?(SOT-223_M)
Add component. Clean all parameters for all variants
Add component (AddParameter): Name = "ComponentLink1Description"; Value = "Manufacturer URL"; VariantName = "[No Variations]"
Add component (AddParameter): Name = "ComponentLink1URL"; Value = "http://www.st.com"; VariantName = "[No Variations]"
Add component (AddParameter): Name = "ComponentLink2Description"; Value = "Datasheet"; VariantName = "[No Variations]"
Add component (AddParameter): Name = "ComponentLink2URL"; Value = "http://www.st.com/internet/com/TECHNICAL_RESOURCES/TECHNICAL_LITERATURE/DATASHEET/CD00002116.pdf"; VariantName = "[No Variations]"
Add component (AddParameter): Name = "DatasheetVersion"; Value = "2/12/2011"; VariantName = "[No Variations]"
Add component (AddParameter): Name = "PackageDescription"; Value = "4-Pin SOT-223 Package, 6.5 x 3.5 mm Body, 2.3 mm Pitch, 7 mm Lead Span"; VariantName = "[No Variations]"
Add component (AddParameter): Name = "PackageReference"; Value = "SOT-223"; VariantName = "[No Variations]"
Add component (AddParameter): Name = "PackageVersion"; Value = "2010"; VariantName = "[No Variations]"
Added Pin To Net: NetName=GND Pin=C10-1
Added Pin To Net: NetName=GND Pin=C11-1
Added Pin To Net: NetName=+3.3v Pin=C11-2
Added Pin To Net: NetName=GND Pin=C12-1
Added Pin To Net: NetName=GND Pin=C13-1
Added Pin To Net: NetName=+3.3v Pin=C13-2
Added Pin To Net: NetName=GND Pin=U?-1
Added Pin To Net: NetName=+3.3v Pin=U?-2
Added Pin To Net: NetName=+3.3v Pin=U?-4
Added Pin To Net: NetName=+12 Pin=C10-2
Added Pin To Net: NetName=+12 Pin=C12-2
Added Pin To Net: NetName=+12 Pin=U?-3
Added Net: Name=+12
Added Member To Class: ClassName=Driver Morpheus PONTE H Member=Component C10 Cap_10u_35v
Added Member To Class: ClassName=Driver Morpheus PONTE H Member=Component C11 Cap_10u_35v
Added Member To Class: ClassName=Driver Morpheus PONTE H Member=Component C12 CAP 100nF 25V 0805(2012)
Added Member To Class: ClassName=Driver Morpheus PONTE H Member=Component C13 CAP 100nF 25V 0805(2012)
Added Member To Class: ClassName=Driver Morpheus SENSOR CORRENTE Member=Component U3 INA219AIDCNR
Added Member To Class: ClassName=Driver Morpheus PONTE H Member=Component U? LD1117AS33TR
Added Room: Name=Driver Morpheus SENSOR CORRENTE
